2025-04-13 16:33:17.996657 - Received CBT.V508.FILE1046.PDS from FILE1046.XMI 
2025-04-13 16:33:17.998189 - Found $$$#DATE.txt (text/plain) in CBT.V508.FILE1046.PDS, moved to PDS/$$$#DATE
2025-04-13 16:33:17.998502 - Found $$$INDEX.txt (text/plain) in CBT.V508.FILE1046.PDS, moved to PDS/$$$INDEX
2025-04-13 16:33:17.998806 - Found $$INFO.txt (text/plain) in CBT.V508.FILE1046.PDS, moved to PDS/$$INFO
2025-04-13 16:33:17.999113 - Found $$INSTAL.txt (text/plain) in CBT.V508.FILE1046.PDS, moved to PDS/$$INSTAL
2025-04-13 16:33:17.999412 - Found $$NOTE00.txt (text/plain) in CBT.V508.FILE1046.PDS, moved to PDS/$$NOTE00
2025-04-13 16:33:17.999459 - Found @FIL1046.txt (text/plain) in CBT.V508.FILE1046.PDS, moved to PDS/@FIL1046
2025-04-13 16:33:17.999630 - Found COPYRITE.txt (text/plain) in CBT.V508.FILE1046.PDS, moved to PDS/COPYRITE
2025-04-13 16:33:17.999785 - Found DISCLAIM.txt (text/plain) in CBT.V508.FILE1046.PDS, moved to PDS/DISCLAIM
2025-04-13 16:33:17.999947 - Found ISPMLIB.xmi (application/xmit) in CBT.V508.FILE1046.PDS, moved to PDS/ISPMLIB.xmi
2025-04-13 16:33:18.008118 - Received ABBYDALE.GENPREP.ISPMLIB from ISPMLIB.xmi 
2025-04-13 16:33:18.008657 - Found GPREP00.txt (text/plain) in ABBYDALE.GENPREP.ISPMLIB, moved to ISPMLIB/GPREP00
2025-04-13 16:33:18.008984 - Found ISPPLIB.xmi (application/xmit) in CBT.V508.FILE1046.PDS, moved to PDS/ISPPLIB.xmi
2025-04-13 16:33:18.013804 - Received ABBYDALE.GENPREP.ISPPLIB from ISPPLIB.xmi 
2025-04-13 16:33:18.014267 - Found ASLGPP01.bin (application/octet-stream) in ABBYDALE.GENPREP.ISPPLIB, moved to ISPPLIB/ASLGPP01
2025-04-13 16:33:18.014527 - Found LOADLIB.xmi (application/xmit) in CBT.V508.FILE1046.PDS, moved to PDS/LOADLIB.xmi
2025-04-13 16:33:18.019100 - Received ABBYDALE.GENPREP.LOADLIB from LOADLIB.xmi 
2025-04-13 16:33:18.019557 - Found UCBSUBR.bin (application/octet-stream) in ABBYDALE.GENPREP.LOADLIB, moved to LOADLIB/UCBSUBR
2025-04-13 16:33:18.021394 - Found PDF.pdf (application/pdf) in CBT.V508.FILE1046.PDS, moved to docs/PDF.pdf
2025-04-13 16:33:18.021694 - Found README.txt (text/plain) in CBT.V508.FILE1046.PDS, moved to PDS/README
2025-04-13 16:33:18.022363 - Found REXX.xmi (application/xmit) in CBT.V508.FILE1046.PDS, moved to PDS/REXX.xmi
2025-04-13 16:33:18.086808 - Received ABBYDALE.GENPREP.REXX from REXX.xmi 
2025-04-13 16:33:18.087794 - Found $$$INDEX.txt (text/plain) in ABBYDALE.GENPREP.REXX, moved to REXX/$$$INDEX
2025-04-13 16:33:18.088105 - Found CHECKDSN.rexx (text/plain) in ABBYDALE.GENPREP.REXX, moved to REXX/CHECKDSN
2025-04-13 16:33:18.088296 - Found FINDMOD.rexx (text/plain) in ABBYDALE.GENPREP.REXX, moved to REXX/FINDMOD
2025-04-13 16:33:18.088471 - Found GENPREP.rexx (text/plain) in ABBYDALE.GENPREP.REXX, moved to REXX/GENPREP
2025-04-13 16:33:18.088643 - Found MEMMATCH.rexx (text/plain) in ABBYDALE.GENPREP.REXX, moved to REXX/MEMMATCH
2025-04-13 16:33:18.088815 - Found VALIDVOL.rexx (text/plain) in ABBYDALE.GENPREP.REXX, moved to REXX/VALIDVOL
2025-04-13 16:33:18.089216 - Found UCBSUBR.txt (text/plain) in CBT.V508.FILE1046.PDS, moved to PDS/UCBSUBR
2025-04-13 16:33:18.089386 - Found UNPACK.rexx (text/plain) in CBT.V508.FILE1046.PDS, moved to PDS/UNPACK
